# JRE version: OpenJDK Runtime Environment (8.0_242) (build 1.8.0_242-release-1644-b3-6222593)
# Java VM: OpenJDK 64-Bit Server VM (25.242-b3-6222593 mixed mode linux-amd64 compressed oops)
Heap:
 PSYoungGen      total 143872K, used 10745K [0x00000000e0000000, 0x00000000ea600000, 0x0000000100000000)
  eden space 133120K, 0% used [0x00000000e0000000,0x00000000e0000000,0x00000000e8200000)
  from space 10752K, 99% used [0x00000000e8200000,0x00000000e8c7e6d8,0x00000000e8c80000)
  to   space 10752K, 0% used [0x00000000e8c80000,0x00000000e8c80000,0x00000000e9700000)
 ParOldGen       total 37376K, used 22479K [0x00000000a0000000, 0x00000000a2480000, 0x00000000e0000000)
  object space 37376K, 60% used [0x00000000a0000000,0x00000000a15f3c58,0x00000000a2480000)
 Metaspace       used 46085K, capacity 47330K, committed 47656K, reserved 1089536K
  class space    used 6255K, capacity 6598K, committed 6696K, reserved 1048576K
GC Heap History (10 events):
Event: 4.421 GC heap after
Heap after GC invocations=10 (full 1):
 PSYoungGen      total 73216K, used 0K [0x00000000e0000000, 0x00000000e7780000, 0x0000000100000000)
  eden space 66048K, 0% used [0x00000000e0000000,0x00000000e0000000,0x00000000e4080000)
  from space 7168K, 0% used [0x00000000e4080000,0x00000000e4080000,0x00000000e4780000)
  to   space 8192K, 0% used [0x00000000e6f80000,0x00000000e6f80000,0x00000000e7780000)
 ParOldGen       total 24576K, used 11083K [0x00000000a0000000, 0x00000000a1800000, 0x00000000e0000000)
  object space 24576K, 45% used [0x00000000a0000000,0x00000000a0ad2d80,0x00000000a1800000)
 Metaspace       used 20614K, capacity 21142K, committed 21296K, reserved 1067008K
  class space    used 2942K, capacity 3130K, committed 3200K, reserved 1048576K
}
Event: 5.431 GC heap before
{Heap before GC invocations=11 (full 1):
 PSYoungGen      total 73216K, used 66048K [0x00000000e0000000, 0x00000000e7780000, 0x0000000100000000)
  eden space 66048K, 100% used [0x00000000e0000000,0x00000000e4080000,0x00000000e4080000)
  from space 7168K, 0% used [0x00000000e4080000,0x00000000e4080000,0x00000000e4780000)
  to   space 8192K, 0% used [0x00000000e6f80000,0x00000000e6f80000,0x00000000e7780000)
 ParOldGen       total 24576K, used 11083K [0x00000000a0000000, 0x00000000a1800000, 0x00000000e0000000)
  object space 24576K, 45% used [0x00000000a0000000,0x00000000a0ad2d80,0x00000000a1800000)
 Metaspace       used 28203K, capacity 28798K, committed 29056K, reserved 1075200K
  class space    used 3898K, capacity 4100K, committed 4224K, reserved 1048576K
Event: 5.451 GC heap after
Heap after GC invocations=11 (full 1):
 PSYoungGen      total 102912K, used 7713K [0x00000000e0000000, 0x00000000e7780000, 0x0000000100000000)
  eden space 94720K, 0% used [0x00000000e0000000,0x00000000e0000000,0x00000000e5c80000)
  from space 8192K, 94% used [0x00000000e6f80000,0x00000000e77084f0,0x00000000e7780000)
  to   space 9216K, 0% used [0x00000000e6580000,0x00000000e6580000,0x00000000e6e80000)
 ParOldGen       total 24576K, used 11091K [0x00000000a0000000, 0x00000000a1800000, 0x00000000e0000000)
  object space 24576K, 45% used [0x00000000a0000000,0x00000000a0ad4d80,0x00000000a1800000)
 Metaspace       used 28203K, capacity 28798K, committed 29056K, reserved 1075200K
  class space    used 3898K, capacity 4100K, committed 4224K, reserved 1048576K
}
Event: 8.624 GC heap before
{Heap before GC invocations=12 (full 1):
 PSYoungGen      total 102912K, used 102433K [0x00000000e0000000, 0x00000000e7780000, 0x0000000100000000)
  eden space 94720K, 100% used [0x00000000e0000000,0x00000000e5c80000,0x00000000e5c80000)
  from space 8192K, 94% used [0x00000000e6f80000,0x00000000e77084f0,0x00000000e7780000)
  to   space 9216K, 0% used [0x00000000e6580000,0x00000000e6580000,0x00000000e6e80000)
 ParOldGen       total 24576K, used 11091K [0x00000000a0000000, 0x00000000a1800000, 0x00000000e0000000)
  object space 24576K, 45% used [0x00000000a0000000,0x00000000a0ad4d80,0x00000000a1800000)
 Metaspace       used 33688K, capacity 34502K, committed 34688K, reserved 1079296K
  class space    used 4655K, capacity 4879K, committed 4992K, reserved 1048576K
Event: 8.638 GC heap after
Heap after GC invocations=12 (full 1):
 PSYoungGen      total 113152K, used 9023K [0x00000000e0000000, 0x00000000e9700000, 0x0000000100000000)
  eden space 103936K, 0% used [0x00000000e0000000,0x00000000e0000000,0x00000000e6580000)
  from space 9216K, 97% used [0x00000000e6580000,0x00000000e6e4ff70,0x00000000e6e80000)
  to   space 10752K, 0% used [0x00000000e8c80000,0x00000000e8c80000,0x00000000e9700000)
 ParOldGen       total 24576K, used 14066K [0x00000000a0000000, 0x00000000a1800000, 0x00000000e0000000)
  object space 24576K, 57% used [0x00000000a0000000,0x00000000a0dbc8d0,0x00000000a1800000)
 Metaspace       used 33688K, capacity 34502K, committed 34688K, reserved 1079296K
  class space    used 4655K, capacity 4879K, committed 4992K, reserved 1048576K
}
Event: 9.289 GC heap before
{Heap before GC invocations=13 (full 1):
 PSYoungGen      total 113152K, used 29716K [0x00000000e0000000, 0x00000000e9700000, 0x0000000100000000)
  eden space 103936K, 19% used [0x00000000e0000000,0x00000000e14350f8,0x00000000e6580000)
  from space 9216K, 97% used [0x00000000e6580000,0x00000000e6e4ff70,0x00000000e6e80000)
  to   space 10752K, 0% used [0x00000000e8c80000,0x00000000e8c80000,0x00000000e9700000)
 ParOldGen       total 24576K, used 14066K [0x00000000a0000000, 0x00000000a1800000, 0x00000000e0000000)
  object space 24576K, 57% used [0x00000000a0000000,0x00000000a0dbc8d0,0x00000000a1800000)
 Metaspace       used 34625K, capacity 35404K, committed 35496K, reserved 1079296K
  class space    used 4797K, capacity 5009K, committed 5032K, reserved 1048576K
Event: 9.309 GC heap after
Heap after GC invocations=13 (full 1):
 PSYoungGen      total 143872K, used 1684K [0x00000000e0000000, 0x00000000ea600000, 0x0000000100000000)
  eden space 133120K, 0% used [0x00000000e0000000,0x00000000e0000000,0x00000000e8200000)
  from space 10752K, 15% used [0x00000000e8c80000,0x00000000e8e25128,0x00000000e9700000)
  to   space 10752K, 0% used [0x00000000e8200000,0x00000000e8200000,0x00000000e8c80000)
 ParOldGen       total 24576K, used 18905K [0x00000000a0000000, 0x00000000a1800000, 0x00000000e0000000)
  object space 24576K, 76% used [0x00000000a0000000,0x00000000a1276580,0x00000000a1800000)
 Metaspace       used 34625K, capacity 35404K, committed 35496K, reserved 1079296K
  class space    used 4797K, capacity 5009K, committed 5032K, reserved 1048576K
}
Event: 9.309 GC heap before
{Heap before GC invocations=14 (full 2):
 PSYoungGen      total 143872K, used 1684K [0x00000000e0000000, 0x00000000ea600000, 0x0000000100000000)
  eden space 133120K, 0% used [0x00000000e0000000,0x00000000e0000000,0x00000000e8200000)
  from space 10752K, 15% used [0x00000000e8c80000,0x00000000e8e25128,0x00000000e9700000)
  to   space 10752K, 0% used [0x00000000e8200000,0x00000000e8200000,0x00000000e8c80000)
 ParOldGen       total 24576K, used 18905K [0x00000000a0000000, 0x00000000a1800000, 0x00000000e0000000)
  object space 24576K, 76% used [0x00000000a0000000,0x00000000a1276580,0x00000000a1800000)
 Metaspace       used 34625K, capacity 35404K, committed 35496K, reserved 1079296K
  class space    used 4797K, capacity 5009K, committed 5032K, reserved 1048576K
Event: 9.439 GC heap after
Heap after GC invocations=14 (full 2):
 PSYoungGen      total 143872K, used 0K [0x00000000e0000000, 0x00000000ea600000, 0x0000000100000000)
  eden space 133120K, 0% used [0x00000000e0000000,0x00000000e0000000,0x00000000e8200000)
  from space 10752K, 0% used [0x00000000e8c80000,0x00000000e8c80000,0x00000000e9700000)
  to   space 10752K, 0% used [0x00000000e8200000,0x00000000e8200000,0x00000000e8c80000)
 ParOldGen       total 37376K, used 16352K [0x00000000a0000000, 0x00000000a2480000, 0x00000000e0000000)
  object space 37376K, 43% used [0x00000000a0000000,0x00000000a0ff8308,0x00000000a2480000)
 Metaspace       used 34625K, capacity 35404K, committed 35496K, reserved 1079296K
  class space    used 4797K, capacity 5009K, committed 5032K, reserved 1048576K
}
Event: 12.577 GC heap before
{Heap before GC invocations=15 (full 2):
 PSYoungGen      total 143872K, used 133120K [0x00000000e0000000, 0x00000000ea600000, 0x0000000100000000)
  eden space 133120K, 100% used [0x00000000e0000000,0x00000000e8200000,0x00000000e8200000)
  from space 10752K, 0% used [0x00000000e8c80000,0x00000000e8c80000,0x00000000e9700000)
  to   space 10752K, 0% used [0x00000000e8200000,0x00000000e8200000,0x00000000e8c80000)
 ParOldGen       total 37376K, used 16352K [0x00000000a0000000, 0x00000000a2480000, 0x00000000e0000000)
  object space 37376K, 43% used [0x00000000a0000000,0x00000000a0ff8308,0x00000000a2480000)
 Metaspace       used 46085K, capacity 47330K, committed 47656K, reserved 1089536K
  class space    used 6255K, capacity 6598K, committed 6696K, reserved 1048576K

