# JRE version: OpenJDK Runtime Environment (8.0_242) (build 1.8.0_242-release-1644-b3-6222593)
# Java VM: OpenJDK 64-Bit Server VM (25.242-b3-6222593 mixed mode linux-amd64 compressed oops)
Heap:
 PSYoungGen      total 224256K, used 16379K [0x00000000e0000000, 0x00000000eeb00000, 0x0000000100000000)
  eden space 207872K, 0% used [0x00000000e0000000,0x00000000e0000000,0x00000000ecb00000)
  from space 16384K, 99% used [0x00000000ecb00000,0x00000000edafee50,0x00000000edb00000)
  to   space 14848K, 0% used [0x00000000edc80000,0x00000000edc80000,0x00000000eeb00000)
 ParOldGen       total 64000K, used 36752K [0x00000000a0000000, 0x00000000a3e80000, 0x00000000e0000000)
  object space 64000K, 57% used [0x00000000a0000000,0x00000000a23e42a0,0x00000000a3e80000)
 Metaspace       used 66756K, capacity 68740K, committed 68952K, reserved 1107968K
  class space    used 8994K, capacity 9475K, committed 9600K, reserved 1048576K
GC Heap History (10 events):
Event: 11.797 GC heap after
Heap after GC invocations=13 (full 1):
 PSYoungGen      total 157184K, used 2101K [0x00000000e0000000, 0x00000000ea780000, 0x0000000100000000)
  eden space 146944K, 0% used [0x00000000e0000000,0x00000000e0000000,0x00000000e8f80000)
  from space 10240K, 20% used [0x00000000e9980000,0x00000000e9b8d588,0x00000000ea380000)
  to   space 10240K, 0% used [0x00000000e8f80000,0x00000000e8f80000,0x00000000e9980000)
 ParOldGen       total 26624K, used 17733K [0x00000000a0000000, 0x00000000a1a00000, 0x00000000e0000000)
  object space 26624K, 66% used [0x00000000a0000000,0x00000000a11514e8,0x00000000a1a00000)
 Metaspace       used 34682K, capacity 35360K, committed 35456K, reserved 1079296K
  class space    used 4766K, capacity 4983K, committed 4992K, reserved 1048576K
}
Event: 11.797 GC heap before
{Heap before GC invocations=14 (full 2):
 PSYoungGen      total 157184K, used 2101K [0x00000000e0000000, 0x00000000ea780000, 0x0000000100000000)
  eden space 146944K, 0% used [0x00000000e0000000,0x00000000e0000000,0x00000000e8f80000)
  from space 10240K, 20% used [0x00000000e9980000,0x00000000e9b8d588,0x00000000ea380000)
  to   space 10240K, 0% used [0x00000000e8f80000,0x00000000e8f80000,0x00000000e9980000)
 ParOldGen       total 26624K, used 17733K [0x00000000a0000000, 0x00000000a1a00000, 0x00000000e0000000)
  object space 26624K, 66% used [0x00000000a0000000,0x00000000a11514e8,0x00000000a1a00000)
 Metaspace       used 34682K, capacity 35360K, committed 35456K, reserved 1079296K
  class space    used 4766K, capacity 4983K, committed 4992K, reserved 1048576K
Event: 11.898 GC heap after
Heap after GC invocations=14 (full 2):
 PSYoungGen      total 157184K, used 0K [0x00000000e0000000, 0x00000000ea780000, 0x0000000100000000)
  eden space 146944K, 0% used [0x00000000e0000000,0x00000000e0000000,0x00000000e8f80000)
  from space 10240K, 0% used [0x00000000e9980000,0x00000000e9980000,0x00000000ea380000)
  to   space 10240K, 0% used [0x00000000e8f80000,0x00000000e8f80000,0x00000000e9980000)
 ParOldGen       total 35328K, used 15301K [0x00000000a0000000, 0x00000000a2280000, 0x00000000e0000000)
  object space 35328K, 43% used [0x00000000a0000000,0x00000000a0ef1480,0x00000000a2280000)
 Metaspace       used 34682K, capacity 35360K, committed 35456K, reserved 1079296K
  class space    used 4766K, capacity 4983K, committed 4992K, reserved 1048576K
}
Event: 13.754 GC heap before
{Heap before GC invocations=15 (full 2):
 PSYoungGen      total 157184K, used 146944K [0x00000000e0000000, 0x00000000ea780000, 0x0000000100000000)
  eden space 146944K, 100% used [0x00000000e0000000,0x00000000e8f80000,0x00000000e8f80000)
  from space 10240K, 0% used [0x00000000e9980000,0x00000000e9980000,0x00000000ea380000)
  to   space 10240K, 0% used [0x00000000e8f80000,0x00000000e8f80000,0x00000000e9980000)
 ParOldGen       total 35328K, used 15301K [0x00000000a0000000, 0x00000000a2280000, 0x00000000e0000000)
  object space 35328K, 43% used [0x00000000a0000000,0x00000000a0ef1480,0x00000000a2280000)
 Metaspace       used 48448K, capacity 49666K, committed 49920K, reserved 1091584K
  class space    used 6569K, capacity 6902K, committed 6912K, reserved 1048576K
Event: 13.775 GC heap after
Heap after GC invocations=15 (full 2):
 PSYoungGen      total 157184K, used 10210K [0x00000000e0000000, 0x00000000eeb00000, 0x0000000100000000)
  eden space 146944K, 0% used [0x00000000e0000000,0x00000000e0000000,0x00000000e8f80000)
  from space 10240K, 99% used [0x00000000e8f80000,0x00000000e9978900,0x00000000e9980000)
  to   space 14848K, 0% used [0x00000000edc80000,0x00000000edc80000,0x00000000eeb00000)
 ParOldGen       total 35328K, used 23697K [0x00000000a0000000, 0x00000000a2280000, 0x00000000e0000000)
  object space 35328K, 67% used [0x00000000a0000000,0x00000000a17247b0,0x00000000a2280000)
 Metaspace       used 48448K, capacity 49666K, committed 49920K, reserved 1091584K
  class space    used 6569K, capacity 6902K, committed 6912K, reserved 1048576K
}
Event: 15.066 GC heap before
{Heap before GC invocations=16 (full 2):
 PSYoungGen      total 157184K, used 130247K [0x00000000e0000000, 0x00000000eeb00000, 0x0000000100000000)
  eden space 146944K, 81% used [0x00000000e0000000,0x00000000e7539600,0x00000000e8f80000)
  from space 10240K, 99% used [0x00000000e8f80000,0x00000000e9978900,0x00000000e9980000)
  to   space 14848K, 0% used [0x00000000edc80000,0x00000000edc80000,0x00000000eeb00000)
 ParOldGen       total 35328K, used 23697K [0x00000000a0000000, 0x00000000a2280000, 0x00000000e0000000)
  object space 35328K, 67% used [0x00000000a0000000,0x00000000a17247b0,0x00000000a2280000)
 Metaspace       used 57353K, capacity 58888K, committed 59096K, reserved 1099776K
  class space    used 7830K, capacity 8187K, committed 8192K, reserved 1048576K
Event: 15.081 GC heap after
Heap after GC invocations=16 (full 2):
 PSYoungGen      total 222720K, used 11817K [0x00000000e0000000, 0x00000000eeb00000, 0x0000000100000000)
  eden space 207872K, 0% used [0x00000000e0000000,0x00000000e0000000,0x00000000ecb00000)
  from space 14848K, 79% used [0x00000000edc80000,0x00000000ee80a478,0x00000000eeb00000)
  to   space 16384K, 0% used [0x00000000ecb00000,0x00000000ecb00000,0x00000000edb00000)
 ParOldGen       total 35328K, used 32803K [0x00000000a0000000, 0x00000000a2280000, 0x00000000e0000000)
  object space 35328K, 92% used [0x00000000a0000000,0x00000000a2008de8,0x00000000a2280000)
 Metaspace       used 57353K, capacity 58888K, committed 59096K, reserved 1099776K
  class space    used 7830K, capacity 8187K, committed 8192K, reserved 1048576K
}
Event: 15.081 GC heap before
{Heap before GC invocations=17 (full 3):
 PSYoungGen      total 222720K, used 11817K [0x00000000e0000000, 0x00000000eeb00000, 0x0000000100000000)
  eden space 207872K, 0% used [0x00000000e0000000,0x00000000e0000000,0x00000000ecb00000)
  from space 14848K, 79% used [0x00000000edc80000,0x00000000ee80a478,0x00000000eeb00000)
  to   space 16384K, 0% used [0x00000000ecb00000,0x00000000ecb00000,0x00000000edb00000)
 ParOldGen       total 35328K, used 32803K [0x00000000a0000000, 0x00000000a2280000, 0x00000000e0000000)
  object space 35328K, 92% used [0x00000000a0000000,0x00000000a2008de8,0x00000000a2280000)
 Metaspace       used 57353K, capacity 58888K, committed 59096K, reserved 1099776K
  class space    used 7830K, capacity 8187K, committed 8192K, reserved 1048576K
Event: 15.195 GC heap after
Heap after GC invocations=17 (full 3):
 PSYoungGen      total 222720K, used 0K [0x00000000e0000000, 0x00000000eeb00000, 0x0000000100000000)
  eden space 207872K, 0% used [0x00000000e0000000,0x00000000e0000000,0x00000000ecb00000)
  from space 14848K, 0% used [0x00000000edc80000,0x00000000edc80000,0x00000000eeb00000)
  to   space 16384K, 0% used [0x00000000ecb00000,0x00000000ecb00000,0x00000000edb00000)
 ParOldGen       total 64000K, used 34364K [0x00000000a0000000, 0x00000000a3e80000, 0x00000000e0000000)
  object space 64000K, 53% used [0x00000000a0000000,0x00000000a218f0e8,0x00000000a3e80000)
 Metaspace       used 57353K, capacity 58888K, committed 59096K, reserved 1099776K
  class space    used 7830K, capacity 8187K, committed 8192K, reserved 1048576K
}
Event: 19.529 GC heap before
{Heap before GC invocations=18 (full 3):
 PSYoungGen      total 222720K, used 207872K [0x00000000e0000000, 0x00000000eeb00000, 0x0000000100000000)
  eden space 207872K, 100% used [0x00000000e0000000,0x00000000ecb00000,0x00000000ecb00000)
  from space 14848K, 0% used [0x00000000edc80000,0x00000000edc80000,0x00000000eeb00000)
  to   space 16384K, 0% used [0x00000000ecb00000,0x00000000ecb00000,0x00000000edb00000)
 ParOldGen       total 64000K, used 34364K [0x00000000a0000000, 0x00000000a3e80000, 0x00000000e0000000)
  object space 64000K, 53% used [0x00000000a0000000,0x00000000a218f0e8,0x00000000a3e80000)
 Metaspace       used 66756K, capacity 68740K, committed 68952K, reserved 1107968K
  class space    used 8994K, capacity 9475K, committed 9600K, reserved 1048576K

