# JRE version: OpenJDK Runtime Environment (8.0_242) (build 1.8.0_242-release-1644-b3-6222593)
# Java VM: OpenJDK 64-Bit Server VM (25.242-b3-6222593 mixed mode linux-amd64 compressed oops)
Heap:
 PSYoungGen      total 142848K, used 10215K [0x00000000e0000000, 0x00000000e9700000, 0x0000000100000000)
  eden space 132608K, 0% used [0x00000000e0000000,0x00000000e0000000,0x00000000e8180000)
  from space 10240K, 99% used [0x00000000e8300000,0x00000000e8cf9c30,0x00000000e8d00000)
  to   space 8704K, 0% used [0x00000000e8e80000,0x00000000e8e80000,0x00000000e9700000)
 ParOldGen       total 28672K, used 15786K [0x00000000a0000000, 0x00000000a1c00000, 0x00000000e0000000)
  object space 28672K, 55% used [0x00000000a0000000,0x00000000a0f6aa00,0x00000000a1c00000)
 Metaspace       used 32627K, capacity 33158K, committed 33408K, reserved 1077248K
  class space    used 4434K, capacity 4632K, committed 4736K, reserved 1048576K
GC Heap History (10 events):
Event: 1.646 GC heap after
Heap after GC invocations=5 (full 0):
 PSYoungGen      total 35840K, used 992K [0x00000000e0000000, 0x00000000e4e00000, 0x0000000100000000)
  eden space 34816K, 0% used [0x00000000e0000000,0x00000000e0000000,0x00000000e2200000)
  from space 1024K, 96% used [0x00000000e2200000,0x00000000e22f8010,0x00000000e2300000)
  to   space 5120K, 0% used [0x00000000e4900000,0x00000000e4900000,0x00000000e4e00000)
 ParOldGen       total 22016K, used 8442K [0x00000000a0000000, 0x00000000a1580000, 0x00000000e0000000)
  object space 22016K, 38% used [0x00000000a0000000,0x00000000a083eb90,0x00000000a1580000)
 Metaspace       used 12289K, capacity 12640K, committed 12928K, reserved 1060864K
  class space    used 1681K, capacity 1804K, committed 1920K, reserved 1048576K
}
Event: 3.690 GC heap before
{Heap before GC invocations=6 (full 0):
 PSYoungGen      total 35840K, used 35808K [0x00000000e0000000, 0x00000000e4e00000, 0x0000000100000000)
  eden space 34816K, 100% used [0x00000000e0000000,0x00000000e2200000,0x00000000e2200000)
  from space 1024K, 96% used [0x00000000e2200000,0x00000000e22f8010,0x00000000e2300000)
  to   space 5120K, 0% used [0x00000000e4900000,0x00000000e4900000,0x00000000e4e00000)
 ParOldGen       total 22016K, used 8442K [0x00000000a0000000, 0x00000000a1580000, 0x00000000e0000000)
  object space 22016K, 38% used [0x00000000a0000000,0x00000000a083eb90,0x00000000a1580000)
 Metaspace       used 15308K, capacity 15708K, committed 16000K, reserved 1062912K
  class space    used 2180K, capacity 2362K, committed 2432K, reserved 1048576K
Event: 3.699 GC heap after
Heap after GC invocations=6 (full 0):
 PSYoungGen      total 73728K, used 5089K [0x00000000e0000000, 0x00000000e5000000, 0x0000000100000000)
  eden space 68608K, 0% used [0x00000000e0000000,0x00000000e0000000,0x00000000e4300000)
  from space 5120K, 99% used [0x00000000e4900000,0x00000000e4df8440,0x00000000e4e00000)
  to   space 6144K, 0% used [0x00000000e4300000,0x00000000e4300000,0x00000000e4900000)
 ParOldGen       total 22016K, used 8721K [0x00000000a0000000, 0x00000000a1580000, 0x00000000e0000000)
  object space 22016K, 39% used [0x00000000a0000000,0x00000000a0884510,0x00000000a1580000)
 Metaspace       used 15308K, capacity 15708K, committed 16000K, reserved 1062912K
  class space    used 2180K, capacity 2362K, committed 2432K, reserved 1048576K
}
Event: 24.088 GC heap before
{Heap before GC invocations=7 (full 0):
 PSYoungGen      total 73728K, used 58399K [0x00000000e0000000, 0x00000000e5000000, 0x0000000100000000)
  eden space 68608K, 77% used [0x00000000e0000000,0x00000000e340fab8,0x00000000e4300000)
  from space 5120K, 99% used [0x00000000e4900000,0x00000000e4df8440,0x00000000e4e00000)
  to   space 6144K, 0% used [0x00000000e4300000,0x00000000e4300000,0x00000000e4900000)
 ParOldGen       total 22016K, used 8721K [0x00000000a0000000, 0x00000000a1580000, 0x00000000e0000000)
  object space 22016K, 39% used [0x00000000a0000000,0x00000000a0884510,0x00000000a1580000)
 Metaspace       used 20651K, capacity 21142K, committed 21296K, reserved 1067008K
  class space    used 2960K, capacity 3129K, committed 3200K, reserved 1048576K
Event: 24.117 GC heap after
Heap after GC invocations=7 (full 0):
 PSYoungGen      total 74752K, used 6115K [0x00000000e0000000, 0x00000000e9700000, 0x0000000100000000)
  eden space 68608K, 0% used [0x00000000e0000000,0x00000000e0000000,0x00000000e4300000)
  from space 6144K, 99% used [0x00000000e4300000,0x00000000e48f8fe0,0x00000000e4900000)
  to   space 8704K, 0% used [0x00000000e8e80000,0x00000000e8e80000,0x00000000e9700000)
 ParOldGen       total 22016K, used 10725K [0x00000000a0000000, 0x00000000a1580000, 0x00000000e0000000)
  object space 22016K, 48% used [0x00000000a0000000,0x00000000a0a79550,0x00000000a1580000)
 Metaspace       used 20651K, capacity 21142K, committed 21296K, reserved 1067008K
  class space    used 2960K, capacity 3129K, committed 3200K, reserved 1048576K
}
Event: 24.117 GC heap before
{Heap before GC invocations=8 (full 1):
 PSYoungGen      total 74752K, used 6115K [0x00000000e0000000, 0x00000000e9700000, 0x0000000100000000)
  eden space 68608K, 0% used [0x00000000e0000000,0x00000000e0000000,0x00000000e4300000)
  from space 6144K, 99% used [0x00000000e4300000,0x00000000e48f8fe0,0x00000000e4900000)
  to   space 8704K, 0% used [0x00000000e8e80000,0x00000000e8e80000,0x00000000e9700000)
 ParOldGen       total 22016K, used 10725K [0x00000000a0000000, 0x00000000a1580000, 0x00000000e0000000)
  object space 22016K, 48% used [0x00000000a0000000,0x00000000a0a79550,0x00000000a1580000)
 Metaspace       used 20651K, capacity 21142K, committed 21296K, reserved 1067008K
  class space    used 2960K, capacity 3129K, committed 3200K, reserved 1048576K
Event: 24.159 GC heap after
Heap after GC invocations=8 (full 1):
 PSYoungGen      total 74752K, used 0K [0x00000000e0000000, 0x00000000e9700000, 0x0000000100000000)
  eden space 68608K, 0% used [0x00000000e0000000,0x00000000e0000000,0x00000000e4300000)
  from space 6144K, 0% used [0x00000000e4300000,0x00000000e4300000,0x00000000e4900000)
  to   space 8704K, 0% used [0x00000000e8e80000,0x00000000e8e80000,0x00000000e9700000)
 ParOldGen       total 28672K, used 14574K [0x00000000a0000000, 0x00000000a1c00000, 0x00000000e0000000)
  object space 28672K, 50% used [0x00000000a0000000,0x00000000a0e3bba0,0x00000000a1c00000)
 Metaspace       used 20651K, capacity 21142K, committed 21296K, reserved 1067008K
  class space    used 2960K, capacity 3129K, committed 3200K, reserved 1048576K
}
Event: 27.683 GC heap before
{Heap before GC invocations=9 (full 1):
 PSYoungGen      total 74752K, used 68608K [0x00000000e0000000, 0x00000000e9700000, 0x0000000100000000)
  eden space 68608K, 100% used [0x00000000e0000000,0x00000000e4300000,0x00000000e4300000)
  from space 6144K, 0% used [0x00000000e4300000,0x00000000e4300000,0x00000000e4900000)
  to   space 8704K, 0% used [0x00000000e8e80000,0x00000000e8e80000,0x00000000e9700000)
 ParOldGen       total 28672K, used 14574K [0x00000000a0000000, 0x00000000a1c00000, 0x00000000e0000000)
  object space 28672K, 50% used [0x00000000a0000000,0x00000000a0e3bba0,0x00000000a1c00000)
 Metaspace       used 29508K, capacity 30070K, committed 30336K, reserved 1075200K
  class space    used 3921K, capacity 4138K, committed 4224K, reserved 1048576K
Event: 27.720 GC heap after
Heap after GC invocations=9 (full 1):
 PSYoungGen      total 141312K, used 8701K [0x00000000e0000000, 0x00000000e9700000, 0x0000000100000000)
  eden space 132608K, 0% used [0x00000000e0000000,0x00000000e0000000,0x00000000e8180000)
  from space 8704K, 99% used [0x00000000e8e80000,0x00000000e96ff6b8,0x00000000e9700000)
  to   space 10240K, 0% used [0x00000000e8300000,0x00000000e8300000,0x00000000e8d00000)
 ParOldGen       total 28672K, used 15200K [0x00000000a0000000, 0x00000000a1c00000, 0x00000000e0000000)
  object space 28672K, 53% used [0x00000000a0000000,0x00000000a0ed8368,0x00000000a1c00000)
 Metaspace       used 29508K, capacity 30070K, committed 30336K, reserved 1075200K
  class space    used 3921K, capacity 4138K, committed 4224K, reserved 1048576K
}
Event: 29.402 GC heap before
{Heap before GC invocations=10 (full 1):
 PSYoungGen      total 141312K, used 141309K [0x00000000e0000000, 0x00000000e9700000, 0x0000000100000000)
  eden space 132608K, 100% used [0x00000000e0000000,0x00000000e8180000,0x00000000e8180000)
  from space 8704K, 99% used [0x00000000e8e80000,0x00000000e96ff6b8,0x00000000e9700000)
  to   space 10240K, 0% used [0x00000000e8300000,0x00000000e8300000,0x00000000e8d00000)
 ParOldGen       total 28672K, used 15200K [0x00000000a0000000, 0x00000000a1c00000, 0x00000000e0000000)
  object space 28672K, 53% used [0x00000000a0000000,0x00000000a0ed8368,0x00000000a1c00000)
 Metaspace       used 32627K, capacity 33158K, committed 33408K, reserved 1077248K
  class space    used 4434K, capacity 4632K, committed 4736K, reserved 1048576K

