# JRE version: OpenJDK Runtime Environment (8.0_242) (build 1.8.0_242-release-1644-b3-6222593)
# Java VM: OpenJDK 64-Bit Server VM (25.242-b3-6222593 mixed mode linux-amd64 compressed oops)
Heap:
 PSYoungGen      total 345600K, used 12677K [0x00000000e0000000, 0x00000000f8380000, 0x0000000100000000)
  eden space 294400K, 0% used [0x00000000e0000000,0x00000000e0000000,0x00000000f1f80000)
  from space 51200K, 24% used [0x00000000f1f80000,0x00000000f2be1610,0x00000000f5180000)
  to   space 43520K, 0% used [0x00000000f5900000,0x00000000f5900000,0x00000000f8380000)
 ParOldGen       total 134144K, used 119992K [0x00000000a0000000, 0x00000000a8300000, 0x00000000e0000000)
  object space 134144K, 89% used [0x00000000a0000000,0x00000000a752e128,0x00000000a8300000)
 Metaspace       used 87626K, capacity 91208K, committed 91520K, reserved 1128448K
  class space    used 11335K, capacity 12089K, committed 12160K, reserved 1048576K
GC Heap History (10 events):
Event: 1183.194 GC heap after
Heap after GC invocations=22 (full 4):
 PSYoungGen      total 228864K, used 11301K [0x00000000e0000000, 0x00000000f0600000, 0x0000000100000000)
  eden space 202752K, 0% used [0x00000000e0000000,0x00000000e0000000,0x00000000ec600000)
  from space 26112K, 43% used [0x00000000eec80000,0x00000000ef7895c8,0x00000000f0600000)
  to   space 32768K, 0% used [0x00000000ec600000,0x00000000ec600000,0x00000000ee600000)
 ParOldGen       total 134144K, used 82928K [0x00000000a0000000, 0x00000000a8300000, 0x00000000e0000000)
  object space 134144K, 61% used [0x00000000a0000000,0x00000000a50fc118,0x00000000a8300000)
 Metaspace       used 74260K, capacity 77002K, committed 77184K, reserved 1116160K
  class space    used 9945K, capacity 10534K, committed 10624K, reserved 1048576K
}
Event: 1201.522 GC heap before
{Heap before GC invocations=23 (full 4):
 PSYoungGen      total 228864K, used 214053K [0x00000000e0000000, 0x00000000f0600000, 0x0000000100000000)
  eden space 202752K, 100% used [0x00000000e0000000,0x00000000ec600000,0x00000000ec600000)
  from space 26112K, 43% used [0x00000000eec80000,0x00000000ef7895c8,0x00000000f0600000)
  to   space 32768K, 0% used [0x00000000ec600000,0x00000000ec600000,0x00000000ee600000)
 ParOldGen       total 134144K, used 82928K [0x00000000a0000000, 0x00000000a8300000, 0x00000000e0000000)
  object space 134144K, 61% used [0x00000000a0000000,0x00000000a50fc118,0x00000000a8300000)
 Metaspace       used 80971K, capacity 83892K, committed 84096K, reserved 1122304K
  class space    used 10735K, capacity 11353K, committed 11392K, reserved 1048576K
Event: 1202.643 GC heap after
Heap after GC invocations=23 (full 4):
 PSYoungGen      total 235520K, used 32612K [0x00000000e0000000, 0x00000000f2f00000, 0x0000000100000000)
  eden space 202752K, 0% used [0x00000000e0000000,0x00000000e0000000,0x00000000ec600000)
  from space 32768K, 99% used [0x00000000ec600000,0x00000000ee5d9318,0x00000000ee600000)
  to   space 38400K, 0% used [0x00000000f0980000,0x00000000f0980000,0x00000000f2f00000)
 ParOldGen       total 134144K, used 82944K [0x00000000a0000000, 0x00000000a8300000, 0x00000000e0000000)
  object space 134144K, 61% used [0x00000000a0000000,0x00000000a5100118,0x00000000a8300000)
 Metaspace       used 80971K, capacity 83892K, committed 84096K, reserved 1122304K
  class space    used 10735K, capacity 11353K, committed 11392K, reserved 1048576K
}
Event: 1208.313 GC heap before
{Heap before GC invocations=24 (full 4):
 PSYoungGen      total 235520K, used 235359K [0x00000000e0000000, 0x00000000f2f00000, 0x0000000100000000)
  eden space 202752K, 99% used [0x00000000e0000000,0x00000000ec5feae0,0x00000000ec600000)
  from space 32768K, 99% used [0x00000000ec600000,0x00000000ee5d9318,0x00000000ee600000)
  to   space 38400K, 0% used [0x00000000f0980000,0x00000000f0980000,0x00000000f2f00000)
 ParOldGen       total 134144K, used 82944K [0x00000000a0000000, 0x00000000a8300000, 0x00000000e0000000)
  object space 134144K, 61% used [0x00000000a0000000,0x00000000a5100118,0x00000000a8300000)
 Metaspace       used 85753K, capacity 89140K, committed 89344K, reserved 1126400K
  class space    used 11274K, capacity 11963K, committed 12032K, reserved 1048576K
Event: 1209.454 GC heap after
Heap after GC invocations=24 (full 4):
 PSYoungGen      total 269312K, used 27076K [0x00000000e0000000, 0x00000000f4380000, 0x0000000100000000)
  eden space 230912K, 0% used [0x00000000e0000000,0x00000000e0000000,0x00000000ee180000)
  from space 38400K, 70% used [0x00000000f0980000,0x00000000f23f12d0,0x00000000f2f00000)
  to   space 40960K, 0% used [0x00000000ee180000,0x00000000ee180000,0x00000000f0980000)
 ParOldGen       total 134144K, used 82952K [0x00000000a0000000, 0x00000000a8300000, 0x00000000e0000000)
  object space 134144K, 61% used [0x00000000a0000000,0x00000000a5102118,0x00000000a8300000)
 Metaspace       used 85753K, capacity 89140K, committed 89344K, reserved 1126400K
  class space    used 11274K, capacity 11963K, committed 12032K, reserved 1048576K
}
Event: 1212.395 GC heap before
{Heap before GC invocations=25 (full 4):
 PSYoungGen      total 269312K, used 257988K [0x00000000e0000000, 0x00000000f4380000, 0x0000000100000000)
  eden space 230912K, 100% used [0x00000000e0000000,0x00000000ee180000,0x00000000ee180000)
  from space 38400K, 70% used [0x00000000f0980000,0x00000000f23f12d0,0x00000000f2f00000)
  to   space 40960K, 0% used [0x00000000ee180000,0x00000000ee180000,0x00000000f0980000)
 ParOldGen       total 134144K, used 82952K [0x00000000a0000000, 0x00000000a8300000, 0x00000000e0000000)
  object space 134144K, 61% used [0x00000000a0000000,0x00000000a5102118,0x00000000a8300000)
 Metaspace       used 85838K, capacity 89202K, committed 89344K, reserved 1126400K
  class space    used 11279K, capacity 11972K, committed 12032K, reserved 1048576K
Event: 1215.775 GC heap after
Heap after GC invocations=25 (full 4):
 PSYoungGen      total 271872K, used 40942K [0x00000000e0000000, 0x00000000f8d80000, 0x0000000100000000)
  eden space 230912K, 0% used [0x00000000e0000000,0x00000000e0000000,0x00000000ee180000)
  from space 40960K, 99% used [0x00000000ee180000,0x00000000f097b980,0x00000000f0980000)
  to   space 53760K, 0% used [0x00000000f5900000,0x00000000f5900000,0x00000000f8d80000)
 ParOldGen       total 134144K, used 98929K [0x00000000a0000000, 0x00000000a8300000, 0x00000000e0000000)
  object space 134144K, 73% used [0x00000000a0000000,0x00000000a609c628,0x00000000a8300000)
 Metaspace       used 85838K, capacity 89202K, committed 89344K, reserved 1126400K
  class space    used 11279K, capacity 11972K, committed 12032K, reserved 1048576K
}
Event: 2659.238 GC heap before
{Heap before GC invocations=26 (full 4):
 PSYoungGen      total 271872K, used 271854K [0x00000000e0000000, 0x00000000f8d80000, 0x0000000100000000)
  eden space 230912K, 100% used [0x00000000e0000000,0x00000000ee180000,0x00000000ee180000)
  from space 40960K, 99% used [0x00000000ee180000,0x00000000f097b980,0x00000000f0980000)
  to   space 53760K, 0% used [0x00000000f5900000,0x00000000f5900000,0x00000000f8d80000)
 ParOldGen       total 134144K, used 98929K [0x00000000a0000000, 0x00000000a8300000, 0x00000000e0000000)
  object space 134144K, 73% used [0x00000000a0000000,0x00000000a609c628,0x00000000a8300000)
 Metaspace       used 86543K, capacity 90052K, committed 90112K, reserved 1128448K
  class space    used 11312K, capacity 12003K, committed 12032K, reserved 1048576K
Event: 2664.669 GC heap after
Heap after GC invocations=26 (full 4):
 PSYoungGen      total 337920K, used 21317K [0x00000000e0000000, 0x00000000f8380000, 0x0000000100000000)
  eden space 294400K, 0% used [0x00000000e0000000,0x00000000e0000000,0x00000000f1f80000)
  from space 43520K, 48% used [0x00000000f5900000,0x00000000f6dd1470,0x00000000f8380000)
  to   space 51200K, 0% used [0x00000000f1f80000,0x00000000f1f80000,0x00000000f5180000)
 ParOldGen       total 134144K, used 103911K [0x00000000a0000000, 0x00000000a8300000, 0x00000000e0000000)
  object space 134144K, 77% used [0x00000000a0000000,0x00000000a6579ea0,0x00000000a8300000)
 Metaspace       used 86543K, capacity 90052K, committed 90112K, reserved 1128448K
  class space    used 11312K, capacity 12003K, committed 12032K, reserved 1048576K
}
Event: 3069.909 GC heap before
{Heap before GC invocations=27 (full 4):
 PSYoungGen      total 337920K, used 315717K [0x00000000e0000000, 0x00000000f8380000, 0x0000000100000000)
  eden space 294400K, 100% used [0x00000000e0000000,0x00000000f1f80000,0x00000000f1f80000)
  from space 43520K, 48% used [0x00000000f5900000,0x00000000f6dd1470,0x00000000f8380000)
  to   space 51200K, 0% used [0x00000000f1f80000,0x00000000f1f80000,0x00000000f5180000)
 ParOldGen       total 134144K, used 103911K [0x00000000a0000000, 0x00000000a8300000, 0x00000000e0000000)
  object space 134144K, 77% used [0x00000000a0000000,0x00000000a6579ea0,0x00000000a8300000)
 Metaspace       used 87626K, capacity 91208K, committed 91520K, reserved 1128448K
  class space    used 11335K, capacity 12089K, committed 12160K, reserved 1048576K

