# JRE version: OpenJDK Runtime Environment (8.0_242) (build 1.8.0_242-release-1644-b3-6222593)
# Java VM: OpenJDK 64-Bit Server VM (25.242-b3-6222593 mixed mode linux-amd64 compressed oops)
Heap:
 PSYoungGen      total 74752K, used 6132K [0x00000000e0000000, 0x00000000e5000000, 0x0000000100000000)
  eden space 68608K, 0% used [0x00000000e0000000,0x00000000e0000000,0x00000000e4300000)
  from space 6144K, 99% used [0x00000000e4300000,0x00000000e48fd1d8,0x00000000e4900000)
  to   space 5120K, 0% used [0x00000000e4900000,0x00000000e4900000,0x00000000e4e00000)
 ParOldGen       total 22016K, used 11208K [0x00000000a0000000, 0x00000000a1580000, 0x00000000e0000000)
  object space 22016K, 50% used [0x00000000a0000000,0x00000000a0af2358,0x00000000a1580000)
 Metaspace       used 20628K, capacity 21128K, committed 21296K, reserved 1067008K
  class space    used 2934K, capacity 3116K, committed 3200K, reserved 1048576K
GC Heap History (10 events):
Event: 0.610 GC heap after
Heap after GC invocations=2 (full 0):
 PSYoungGen      total 18432K, used 1024K [0x00000000e0000000, 0x00000000e1300000, 0x0000000100000000)
  eden space 17408K, 0% used [0x00000000e0000000,0x00000000e0000000,0x00000000e1100000)
  from space 1024K, 100% used [0x00000000e1200000,0x00000000e1300000,0x00000000e1300000)
  to   space 1024K, 0% used [0x00000000e1100000,0x00000000e1100000,0x00000000e1200000)
 ParOldGen       total 22016K, used 1451K [0x00000000a0000000, 0x00000000a1580000, 0x00000000e0000000)
  object space 22016K, 6% used [0x00000000a0000000,0x00000000a016af18,0x00000000a1580000)
 Metaspace       used 6056K, capacity 6284K, committed 6528K, reserved 1056768K
  class space    used 737K, capacity 780K, committed 896K, reserved 1048576K
}
Event: 0.699 GC heap before
{Heap before GC invocations=3 (full 0):
 PSYoungGen      total 18432K, used 18432K [0x00000000e0000000, 0x00000000e1300000, 0x0000000100000000)
  eden space 17408K, 100% used [0x00000000e0000000,0x00000000e1100000,0x00000000e1100000)
  from space 1024K, 100% used [0x00000000e1200000,0x00000000e1300000,0x00000000e1300000)
  to   space 1024K, 0% used [0x00000000e1100000,0x00000000e1100000,0x00000000e1200000)
 ParOldGen       total 22016K, used 1451K [0x00000000a0000000, 0x00000000a1580000, 0x00000000e0000000)
  object space 22016K, 6% used [0x00000000a0000000,0x00000000a016af18,0x00000000a1580000)
 Metaspace       used 6676K, capacity 6860K, committed 7040K, reserved 1056768K
  class space    used 815K, capacity 844K, committed 896K, reserved 1048576K
Event: 0.702 GC heap after
Heap after GC invocations=3 (full 0):
 PSYoungGen      total 18432K, used 992K [0x00000000e0000000, 0x00000000e2400000, 0x0000000100000000)
  eden space 17408K, 0% used [0x00000000e0000000,0x00000000e0000000,0x00000000e1100000)
  from space 1024K, 96% used [0x00000000e1100000,0x00000000e11f8020,0x00000000e1200000)
  to   space 1024K, 0% used [0x00000000e2300000,0x00000000e2300000,0x00000000e2400000)
 ParOldGen       total 22016K, used 2794K [0x00000000a0000000, 0x00000000a1580000, 0x00000000e0000000)
  object space 22016K, 12% used [0x00000000a0000000,0x00000000a02babc8,0x00000000a1580000)
 Metaspace       used 6676K, capacity 6860K, committed 7040K, reserved 1056768K
  class space    used 815K, capacity 844K, committed 896K, reserved 1048576K
}
Event: 1.037 GC heap before
{Heap before GC invocations=4 (full 0):
 PSYoungGen      total 18432K, used 18400K [0x00000000e0000000, 0x00000000e2400000, 0x0000000100000000)
  eden space 17408K, 100% used [0x00000000e0000000,0x00000000e1100000,0x00000000e1100000)
  from space 1024K, 96% used [0x00000000e1100000,0x00000000e11f8020,0x00000000e1200000)
  to   space 1024K, 0% used [0x00000000e2300000,0x00000000e2300000,0x00000000e2400000)
 ParOldGen       total 22016K, used 2794K [0x00000000a0000000, 0x00000000a1580000, 0x00000000e0000000)
  object space 22016K, 12% used [0x00000000a0000000,0x00000000a02babc8,0x00000000a1580000)
 Metaspace       used 7011K, capacity 7206K, committed 7424K, reserved 1056768K
  class space    used 872K, capacity 917K, committed 1024K, reserved 1048576K
Event: 1.040 GC heap after
Heap after GC invocations=4 (full 0):
 PSYoungGen      total 35840K, used 992K [0x00000000e0000000, 0x00000000e2400000, 0x0000000100000000)
  eden space 34816K, 0% used [0x00000000e0000000,0x00000000e0000000,0x00000000e2200000)
  from space 1024K, 96% used [0x00000000e2300000,0x00000000e23f8020,0x00000000e2400000)
  to   space 1024K, 0% used [0x00000000e2200000,0x00000000e2200000,0x00000000e2300000)
 ParOldGen       total 22016K, used 4084K [0x00000000a0000000, 0x00000000a1580000, 0x00000000e0000000)
  object space 22016K, 18% used [0x00000000a0000000,0x00000000a03fd380,0x00000000a1580000)
 Metaspace       used 7011K, capacity 7206K, committed 7424K, reserved 1056768K
  class space    used 872K, capacity 917K, committed 1024K, reserved 1048576K
}
Event: 1.491 GC heap before
{Heap before GC invocations=5 (full 0):
 PSYoungGen      total 35840K, used 35808K [0x00000000e0000000, 0x00000000e2400000, 0x0000000100000000)
  eden space 34816K, 100% used [0x00000000e0000000,0x00000000e2200000,0x00000000e2200000)
  from space 1024K, 96% used [0x00000000e2300000,0x00000000e23f8020,0x00000000e2400000)
  to   space 1024K, 0% used [0x00000000e2200000,0x00000000e2200000,0x00000000e2300000)
 ParOldGen       total 22016K, used 4084K [0x00000000a0000000, 0x00000000a1580000, 0x00000000e0000000)
  object space 22016K, 18% used [0x00000000a0000000,0x00000000a03fd380,0x00000000a1580000)
 Metaspace       used 12170K, capacity 12560K, committed 12928K, reserved 1060864K
  class space    used 1664K, capacity 1802K, committed 1920K, reserved 1048576K
Event: 1.499 GC heap after
Heap after GC invocations=5 (full 0):
 PSYoungGen      total 35840K, used 1024K [0x00000000e0000000, 0x00000000e4e00000, 0x0000000100000000)
  eden space 34816K, 0% used [0x00000000e0000000,0x00000000e0000000,0x00000000e2200000)
  from space 1024K, 100% used [0x00000000e2200000,0x00000000e2300000,0x00000000e2300000)
  to   space 5120K, 0% used [0x00000000e4900000,0x00000000e4900000,0x00000000e4e00000)
 ParOldGen       total 22016K, used 8174K [0x00000000a0000000, 0x00000000a1580000, 0x00000000e0000000)
  object space 22016K, 37% used [0x00000000a0000000,0x00000000a07fba10,0x00000000a1580000)
 Metaspace       used 12170K, capacity 12560K, committed 12928K, reserved 1060864K
  class space    used 1664K, capacity 1802K, committed 1920K, reserved 1048576K
}
Event: 2.084 GC heap before
{Heap before GC invocations=6 (full 0):
 PSYoungGen      total 35840K, used 35840K [0x00000000e0000000, 0x00000000e4e00000, 0x0000000100000000)
  eden space 34816K, 100% used [0x00000000e0000000,0x00000000e2200000,0x00000000e2200000)
  from space 1024K, 100% used [0x00000000e2200000,0x00000000e2300000,0x00000000e2300000)
  to   space 5120K, 0% used [0x00000000e4900000,0x00000000e4900000,0x00000000e4e00000)
 ParOldGen       total 22016K, used 8174K [0x00000000a0000000, 0x00000000a1580000, 0x00000000e0000000)
  object space 22016K, 37% used [0x00000000a0000000,0x00000000a07fba10,0x00000000a1580000)
 Metaspace       used 15092K, capacity 15500K, committed 15616K, reserved 1062912K
  class space    used 2145K, capacity 2296K, committed 2304K, reserved 1048576K
Event: 2.113 GC heap after
Heap after GC invocations=6 (full 0):
 PSYoungGen      total 73728K, used 5091K [0x00000000e0000000, 0x00000000e5000000, 0x0000000100000000)
  eden space 68608K, 0% used [0x00000000e0000000,0x00000000e0000000,0x00000000e4300000)
  from space 5120K, 99% used [0x00000000e4900000,0x00000000e4df8c98,0x00000000e4e00000)
  to   space 6144K, 0% used [0x00000000e4300000,0x00000000e4300000,0x00000000e4900000)
 ParOldGen       total 22016K, used 8527K [0x00000000a0000000, 0x00000000a1580000, 0x00000000e0000000)
  object space 22016K, 38% used [0x00000000a0000000,0x00000000a0853ea8,0x00000000a1580000)
 Metaspace       used 15092K, capacity 15500K, committed 15616K, reserved 1062912K
  class space    used 2145K, capacity 2296K, committed 2304K, reserved 1048576K
}
Event: 2.993 GC heap before
{Heap before GC invocations=7 (full 0):
 PSYoungGen      total 73728K, used 58212K [0x00000000e0000000, 0x00000000e5000000, 0x0000000100000000)
  eden space 68608K, 77% used [0x00000000e0000000,0x00000000e33e05f0,0x00000000e4300000)
  from space 5120K, 99% used [0x00000000e4900000,0x00000000e4df8c98,0x00000000e4e00000)
  to   space 6144K, 0% used [0x00000000e4300000,0x00000000e4300000,0x00000000e4900000)
 ParOldGen       total 22016K, used 8527K [0x00000000a0000000, 0x00000000a1580000, 0x00000000e0000000)
  object space 22016K, 38% used [0x00000000a0000000,0x00000000a0853ea8,0x00000000a1580000)
 Metaspace       used 20628K, capacity 21128K, committed 21296K, reserved 1067008K
  class space    used 2934K, capacity 3116K, committed 3200K, reserved 1048576K

