# JRE version: OpenJDK Runtime Environment (8.0_242) (build 1.8.0_242-release-1644-b3-6222593)
# Java VM: OpenJDK 64-Bit Server VM (25.242-b3-6222593 mixed mode linux-amd64 compressed oops)
Heap:
 PSYoungGen      total 202752K, used 384K [0x00000000e0000000, 0x00000000ed780000, 0x0000000100000000)
  eden space 184832K, 0% used [0x00000000e0000000,0x00000000e0000000,0x00000000eb480000)
  from space 17920K, 2% used [0x00000000eb480000,0x00000000eb4e0000,0x00000000ec600000)
  to   space 16384K, 0% used [0x00000000ec700000,0x00000000ec700000,0x00000000ed700000)
 ParOldGen       total 36352K, used 33277K [0x00000000a0000000, 0x00000000a2380000, 0x00000000e0000000)
  object space 36352K, 91% used [0x00000000a0000000,0x00000000a207f6f8,0x00000000a2380000)
 Metaspace       used 57549K, capacity 59026K, committed 59096K, reserved 1099776K
  class space    used 7855K, capacity 8252K, committed 8320K, reserved 1048576K
GC Heap History (10 events):
Event: 5.050 GC heap after
Heap after GC invocations=10 (full 1):
 PSYoungGen      total 144384K, used 10233K [0x00000000e0000000, 0x00000000e9b00000, 0x0000000100000000)
  eden space 134144K, 0% used [0x00000000e0000000,0x00000000e0000000,0x00000000e8300000)
  from space 10240K, 99% used [0x00000000e8300000,0x00000000e8cfe708,0x00000000e8d00000)
  to   space 12288K, 0% used [0x00000000e8f00000,0x00000000e8f00000,0x00000000e9b00000)
 ParOldGen       total 32256K, used 16026K [0x00000000a0000000, 0x00000000a1f80000, 0x00000000e0000000)
  object space 32256K, 49% used [0x00000000a0000000,0x00000000a0fa6908,0x00000000a1f80000)
 Metaspace       used 33938K, capacity 34624K, committed 34944K, reserved 1079296K
  class space    used 4688K, capacity 4879K, committed 4992K, reserved 1048576K
}
Event: 5.160 GC heap before
{Heap before GC invocations=11 (full 1):
 PSYoungGen      total 144384K, used 22411K [0x00000000e0000000, 0x00000000e9b00000, 0x0000000100000000)
  eden space 134144K, 9% used [0x00000000e0000000,0x00000000e0be4828,0x00000000e8300000)
  from space 10240K, 99% used [0x00000000e8300000,0x00000000e8cfe708,0x00000000e8d00000)
  to   space 12288K, 0% used [0x00000000e8f00000,0x00000000e8f00000,0x00000000e9b00000)
 ParOldGen       total 32256K, used 16026K [0x00000000a0000000, 0x00000000a1f80000, 0x00000000e0000000)
  object space 32256K, 49% used [0x00000000a0000000,0x00000000a0fa6908,0x00000000a1f80000)
 Metaspace       used 34657K, capacity 35368K, committed 35456K, reserved 1079296K
  class space    used 4761K, capacity 4957K, committed 4992K, reserved 1048576K
Event: 5.174 GC heap after
Heap after GC invocations=11 (full 1):
 PSYoungGen      total 145920K, used 8198K [0x00000000e0000000, 0x00000000ed580000, 0x0000000100000000)
  eden space 133632K, 0% used [0x00000000e0000000,0x00000000e0000000,0x00000000e8280000)
  from space 12288K, 66% used [0x00000000e8f00000,0x00000000e9701a20,0x00000000e9b00000)
  to   space 12800K, 0% used [0x00000000e8280000,0x00000000e8280000,0x00000000e8f00000)
 ParOldGen       total 32256K, used 16034K [0x00000000a0000000, 0x00000000a1f80000, 0x00000000e0000000)
  object space 32256K, 49% used [0x00000000a0000000,0x00000000a0fa8908,0x00000000a1f80000)
 Metaspace       used 34657K, capacity 35368K, committed 35456K, reserved 1079296K
  class space    used 4761K, capacity 4957K, committed 4992K, reserved 1048576K
}
Event: 5.174 GC heap before
{Heap before GC invocations=12 (full 2):
 PSYoungGen      total 145920K, used 8198K [0x00000000e0000000, 0x00000000ed580000, 0x0000000100000000)
  eden space 133632K, 0% used [0x00000000e0000000,0x00000000e0000000,0x00000000e8280000)
  from space 12288K, 66% used [0x00000000e8f00000,0x00000000e9701a20,0x00000000e9b00000)
  to   space 12800K, 0% used [0x00000000e8280000,0x00000000e8280000,0x00000000e8f00000)
 ParOldGen       total 32256K, used 16034K [0x00000000a0000000, 0x00000000a1f80000, 0x00000000e0000000)
  object space 32256K, 49% used [0x00000000a0000000,0x00000000a0fa8908,0x00000000a1f80000)
 Metaspace       used 34657K, capacity 35368K, committed 35456K, reserved 1079296K
  class space    used 4761K, capacity 4957K, committed 4992K, reserved 1048576K
Event: 5.226 GC heap after
Heap after GC invocations=12 (full 2):
 PSYoungGen      total 145920K, used 0K [0x00000000e0000000, 0x00000000ed580000, 0x0000000100000000)
  eden space 133632K, 0% used [0x00000000e0000000,0x00000000e0000000,0x00000000e8280000)
  from space 12288K, 0% used [0x00000000e8f00000,0x00000000e8f00000,0x00000000e9b00000)
  to   space 12800K, 0% used [0x00000000e8280000,0x00000000e8280000,0x00000000e8f00000)
 ParOldGen       total 36352K, used 15072K [0x00000000a0000000, 0x00000000a2380000, 0x00000000e0000000)
  object space 36352K, 41% used [0x00000000a0000000,0x00000000a0eb80c0,0x00000000a2380000)
 Metaspace       used 34646K, capacity 35332K, committed 35456K, reserved 1079296K
  class space    used 4758K, capacity 4951K, committed 4992K, reserved 1048576K
}
Event: 8.612 GC heap before
{Heap before GC invocations=13 (full 2):
 PSYoungGen      total 145920K, used 133632K [0x00000000e0000000, 0x00000000ed580000, 0x0000000100000000)
  eden space 133632K, 100% used [0x00000000e0000000,0x00000000e8280000,0x00000000e8280000)
  from space 12288K, 0% used [0x00000000e8f00000,0x00000000e8f00000,0x00000000e9b00000)
  to   space 12800K, 0% used [0x00000000e8280000,0x00000000e8280000,0x00000000e8f00000)
 ParOldGen       total 36352K, used 15072K [0x00000000a0000000, 0x00000000a2380000, 0x00000000e0000000)
  object space 36352K, 41% used [0x00000000a0000000,0x00000000a0eb80c0,0x00000000a2380000)
 Metaspace       used 47394K, capacity 48520K, committed 48768K, reserved 1091584K
  class space    used 6395K, capacity 6719K, committed 6784K, reserved 1048576K
Event: 8.666 GC heap after
Heap after GC invocations=13 (full 2):
 PSYoungGen      total 146432K, used 12797K [0x00000000e0000000, 0x00000000ed700000, 0x0000000100000000)
  eden space 133632K, 0% used [0x00000000e0000000,0x00000000e0000000,0x00000000e8280000)
  from space 12800K, 99% used [0x00000000e8280000,0x00000000e8eff468,0x00000000e8f00000)
  to   space 16384K, 0% used [0x00000000ec700000,0x00000000ec700000,0x00000000ed700000)
 ParOldGen       total 36352K, used 19559K [0x00000000a0000000, 0x00000000a2380000, 0x00000000e0000000)
  object space 36352K, 53% used [0x00000000a0000000,0x00000000a1319dc0,0x00000000a2380000)
 Metaspace       used 47394K, capacity 48520K, committed 48768K, reserved 1091584K
  class space    used 6395K, capacity 6719K, committed 6784K, reserved 1048576K
}
Event: 10.389 GC heap before
{Heap before GC invocations=14 (full 2):
 PSYoungGen      total 146432K, used 146429K [0x00000000e0000000, 0x00000000ed700000, 0x0000000100000000)
  eden space 133632K, 100% used [0x00000000e0000000,0x00000000e8280000,0x00000000e8280000)
  from space 12800K, 99% used [0x00000000e8280000,0x00000000e8eff468,0x00000000e8f00000)
  to   space 16384K, 0% used [0x00000000ec700000,0x00000000ec700000,0x00000000ed700000)
 ParOldGen       total 36352K, used 19559K [0x00000000a0000000, 0x00000000a2380000, 0x00000000e0000000)
  object space 36352K, 53% used [0x00000000a0000000,0x00000000a1319dc0,0x00000000a2380000)
 Metaspace       used 57385K, capacity 58898K, committed 59008K, reserved 1099776K
  class space    used 7832K, capacity 8252K, committed 8320K, reserved 1048576K
Event: 10.417 GC heap after
Heap after GC invocations=14 (full 2):
 PSYoungGen      total 201216K, used 13593K [0x00000000e0000000, 0x00000000ed780000, 0x0000000100000000)
  eden space 184832K, 0% used [0x00000000e0000000,0x00000000e0000000,0x00000000eb480000)
  from space 16384K, 82% used [0x00000000ec700000,0x00000000ed4467d0,0x00000000ed700000)
  to   space 17920K, 0% used [0x00000000eb480000,0x00000000eb480000,0x00000000ec600000)
 ParOldGen       total 36352K, used 28329K [0x00000000a0000000, 0x00000000a2380000, 0x00000000e0000000)
  object space 36352K, 77% used [0x00000000a0000000,0x00000000a1baa668,0x00000000a2380000)
 Metaspace       used 57385K, capacity 58898K, committed 59008K, reserved 1099776K
  class space    used 7832K, capacity 8252K, committed 8320K, reserved 1048576K
}
Event: 10.468 GC heap before
{Heap before GC invocations=15 (full 2):
 PSYoungGen      total 201216K, used 21105K [0x00000000e0000000, 0x00000000ed780000, 0x0000000100000000)
  eden space 184832K, 4% used [0x00000000e0000000,0x00000000e0755ec8,0x00000000eb480000)
  from space 16384K, 82% used [0x00000000ec700000,0x00000000ed4467d0,0x00000000ed700000)
  to   space 17920K, 0% used [0x00000000eb480000,0x00000000eb480000,0x00000000ec600000)
 ParOldGen       total 36352K, used 28329K [0x00000000a0000000, 0x00000000a2380000, 0x00000000e0000000)
  object space 36352K, 77% used [0x00000000a0000000,0x00000000a1baa668,0x00000000a2380000)
 Metaspace       used 57549K, capacity 59026K, committed 59096K, reserved 1099776K
  class space    used 7855K, capacity 8252K, committed 8320K, reserved 1048576K

